<?xml version="1.0" encoding="UTF-8"?>
<testng-results total="1" passed="1" failed="0" skipped="0">
  <reporter-output>
  </reporter-output>
  <suite started-at="2024-11-29T03:00:08Z" name="Default suite" finished-at="2024-11-29T03:00:52Z" duration-ms="44093">
    <groups>
    </groups>
    <test started-at="2024-11-29T03:00:08Z" name="Default test" finished-at="2024-11-29T03:00:52Z" duration-ms="44093">
      <class name="scenarios.Tricentis_AutomobileTest">
        <test-method is-config="true" signature="startTest(org.testng.ITestContext)[pri:0, instance:[Tricentis_AutomobileTest passed=0 failed=0 skipped=0]]" started-at="2024-11-29T11:00:08Z" name="startTest" finished-at="2024-11-29T11:00:14Z" duration-ms="6047" status="PASS">
          <params>
            <param index="0">
              <value>
                <![CDATA[org.testng.TestRunner@655377bf]]>
              </value>
            </param>
          </params>
          <reporter-output>
          </reporter-output>
        </test-method> <!-- startTest -->
        <test-method signature="AutomobileInsuranceQuotationTest()[pri:0, instance:[Tricentis_AutomobileTest passed=0 failed=0 skipped=0]]" started-at="2024-11-29T11:00:14Z" name="AutomobileInsuranceQuotationTest" finished-at="2024-11-29T11:00:52Z" duration-ms="37217" status="PASS">
          <reporter-output>
          </reporter-output>
        </test-method> <!-- AutomobileInsuranceQuotationTest -->
        <test-method is-config="true" signature="endTest(org.testng.ITestContext)[pri:0, instance:[Tricentis_AutomobileTest passed=0 failed=0 skipped=0]]" started-at="2024-11-29T11:00:52Z" name="endTest" finished-at="2024-11-29T11:00:52Z" duration-ms="291" status="PASS">
          <params>
            <param index="0">
              <value>
                <![CDATA[org.testng.TestRunner@655377bf]]>
              </value>
            </param>
          </params>
          <reporter-output>
          </reporter-output>
        </test-method> <!-- endTest -->
      </class> <!-- scenarios.Tricentis_AutomobileTest -->
    </test> <!-- Default test -->
  </suite> <!-- Default suite -->
</testng-results>
